2020-01-16 14:30:41 INFO  ui.Main:27 - Boogle launched
2020-01-16 14:30:51 INFO  ui.Main:30 - Boogle is closing. Used for 0.16525 m
2020-01-16 14:30:56 INFO  ui.Main:27 - Boogle launched
2020-01-16 14:31:00 INFO  ui.Main:30 - Boogle is closing. Used for 0.0633 m
2020-01-16 14:31:34 INFO  ui.Main:27 - Boogle launched
2020-01-16 14:31:38 INFO  ui.Main:30 - Boogle is closing. Used for 0.07066666666666667 m
2020-01-16 14:36:02 INFO  ui.Main:27 - Boogle launched
2020-01-16 14:36:25 INFO  SearchController:77 - Search Tab Switch
2020-01-16 14:36:29 INFO  ui.Main:30 - Boogle is closing. Used for 0.4617 m
2020-01-16 14:37:40 INFO  ui.Main:27 - Boogle launched
2020-01-16 14:37:49 INFO  UIController:411 - Loaded::newPosting
2020-01-16 14:37:59 INFO  SearchController:77 - Search Tab Switch
2020-01-16 14:38:11 INFO  Model:73 - Start Searching
2020-01-16 14:38:21 INFO  Model:85 - DONE::(9253.0 ms)
2020-01-16 14:40:06 INFO  ui.Main:30 - Boogle is closing. Used for 2.433316666666667 m
2020-01-16 14:41:13 INFO  ui.Main:26 - Boogle launched
2020-01-16 14:42:32 INFO  Main:27 - Boogle launched
2020-01-16 14:42:36 INFO  Main:30 - Boogle is closing. Used for 0.06611666666666667 m
2020-01-16 14:43:29 INFO  Main:27 - Boogle launched
2020-01-16 14:43:45 INFO  Main:27 - Boogle launched
2020-01-16 14:43:49 INFO  Main:27 - Boogle launched
2020-01-16 14:44:09 INFO  Main:27 - Boogle launched
2020-01-16 14:44:18 INFO  Main:27 - Boogle launched
2020-01-16 14:44:31 INFO  Main:27 - Boogle launched
2020-01-16 14:46:28 INFO  Main:27 - Boogle launched
2020-01-16 14:46:55 INFO  Main:27 - Boogle launched
2020-01-16 14:47:09 INFO  Main:27 - Boogle launched
2020-01-16 14:47:29 INFO  Main:27 - Boogle launched
2020-01-16 14:47:40 INFO  Main:27 - Boogle launched
2020-01-16 14:47:48 INFO  Main:27 - Boogle launched
2020-01-16 14:48:16 INFO  Main:27 - Boogle launched
2020-01-16 14:48:49 INFO  Main:27 - Boogle launched
2020-01-16 14:48:53 INFO  Main:30 - Boogle is closing. Used for 0.0681 m
2020-01-16 14:49:26 INFO  Main:27 - Boogle launched
